Detecting compiler hash for triplet x64-windows...
A suitable version of powershell-core was not found (required v7.2.16) Downloading portable powershell-core 7.2.16...
Downloading powershell-core...
https://github.com/PowerShell/PowerShell/releases/download/v7.2.16/PowerShell-7.2.16-win-x64.zip->C:\Users\notebook_PC\CLionProjects\math_project\third_party\vcpkg\downloads\PowerShell-7.2.16-win-x64.zip
Downloading https://github.com/PowerShell/PowerShell/releases/download/v7.2.16/PowerShell-7.2.16-win-x64.zip
Extracting powershell-core...
The following packages will be built and installed:
  * brotli:x64-windows@1.1.0#1
  * bzip2[core,tool]:x64-windows@1.0.8#5
    freetype[brotli,bzip2,core,png,zlib]:x64-windows@2.13.2
    glfw3:x64-windows@3.4
    imgui[core,freetype,glfw-binding,opengl3-binding,win32-binding]:x64-windows@1.90.2
    implot:x64-windows@0.16
  * libpng:x64-windows@1.6.43
  * vcpkg-cmake:x64-windows@2023-05-04
  * vcpkg-cmake-config:x64-windows@2022-02-06#1
  * zlib:x64-windows@1.3.1
Additional packages (*) will be modified to complete this operation.
A suitable version of 7zip was not found (required v23.1.0) Downloading portable 7zip 23.1.0...
Downloading 7zip...
https://github.com/ip7z/7zip/releases/download/23.01/7z2301-extra.7z->C:\Users\notebook_PC\CLionProjects\math_project\third_party\vcpkg\downloads\7z2301-extra.7z
Downloading https://github.com/ip7z/7zip/releases/download/23.01/7z2301-extra.7z
Extracting 7zip...
Restored 10 package(s) from C:\Users\notebook_PC\AppData\Local\vcpkg\archives in 708 ms. Use --debug to see more details.
Installing 1/10 vcpkg-cmake:x64-windows@2023-05-04...
Elapsed time to handle vcpkg-cmake:x64-windows: 12.6 ms
vcpkg-cmake:x64-windows package ABI: 5028a6fe2e2c8950f964aaca4598288db51ad44e04e8af148ce3a47bc3876995
Installing 2/10 zlib:x64-windows@1.3.1...
Elapsed time to handle zlib:x64-windows: 22.6 ms
zlib:x64-windows package ABI: 827f687045b57bb7ad910e957b1c4d13904a86c4d99b01504e48a799061b5ecf
Installing 3/10 vcpkg-cmake-config:x64-windows@2022-02-06#1...
Elapsed time to handle vcpkg-cmake-config:x64-windows: 11 ms
vcpkg-cmake-config:x64-windows package ABI: 3b1cd5ce82c88d575911b8c10756878acce789781488036b457527f9a12ce032
Installing 4/10 libpng:x64-windows@1.6.43...
Elapsed time to handle libpng:x64-windows: 27.9 ms
libpng:x64-windows package ABI: 2f6146f32231c51b39d23a3396e9397d2b532e01591c5e972d10906196a6dde3
Installing 5/10 bzip2[core,tool]:x64-windows@1.0.8#5...
Elapsed time to handle bzip2:x64-windows: 26.6 ms
bzip2:x64-windows package ABI: b5fb7dce5dfc21e8be6c4a82e6b6accbfcbf725f4981bb61a11d912cd8756ba1
Installing 6/10 brotli:x64-windows@1.1.0#1...
Elapsed time to handle brotli:x64-windows: 42.4 ms
brotli:x64-windows package ABI: 5e2f416aaa181002946ed752eb16d26276834c847803d105070a227515a60ff0
Installing 7/10 freetype[brotli,bzip2,core,png,zlib]:x64-windows@2.13.2...
Elapsed time to handle freetype:x64-windows: 86.5 ms
freetype:x64-windows package ABI: e00721f5c39ce687224749806467e33764a42e133dc25888344118bf3f2acc0d
Installing 8/10 glfw3:x64-windows@3.4...
Elapsed time to handle glfw3:x64-windows: 103 ms
glfw3:x64-windows package ABI: 1829e6166b9b109977b7dd91775f5b47b13f65d5c01d9102b473ad18c5b824a7
Installing 9/10 imgui[core,freetype,glfw-binding,opengl3-binding,win32-binding]:x64-windows@1.90.2...
Elapsed time to handle imgui:x64-windows: 43.2 ms
imgui:x64-windows package ABI: 79daf8287a8afd67c8da2cb804520a56bc1ed1800b0b9833e750827597851ce5
Installing 10/10 implot:x64-windows@0.16...
Elapsed time to handle implot:x64-windows: 22.3 ms
implot:x64-windows package ABI: 04cce74532333ea57486ddfd30b7ae398211dba149ae6c06f5f0cce6db131e1f
Total install time: 399 ms
freetype is compatible with built-in CMake targets:

    find_package(Freetype REQUIRED)
    target_link_libraries(main PRIVATE Freetype::Freetype) # since CMake 3.10

glfw3 provides CMake targets:

  # this is heuristically generated, and may not be correct
  find_package(glfw3 CONFIG REQUIRED)
  target_link_libraries(main PRIVATE glfw)

glfw3 provides pkg-config modules:

    # A multi-platform library for OpenGL, window and input
    glfw3

imgui provides CMake targets:

  # this is heuristically generated, and may not be correct
  find_package(imgui CONFIG REQUIRED)
  target_link_libraries(main PRIVATE imgui::imgui)

implot provides CMake targets:

  # this is heuristically generated, and may not be correct
  find_package(implot CONFIG REQUIRED)
  target_link_libraries(main PRIVATE implot::implot)

